<?xml version="1.0" encoding="UTF-8"?>
<testsuite name="com.example.vertx_starter.TestMainVerticle" tests="1" skipped="0" failures="0" errors="0" timestamp="2024-12-05T12:37:14" hostname="shubham-ThinkPad-T14-Gen-1" time="0.699">
  <properties/>
  <testcase name="futurePromise(Vertx, VertxTestContext)" classname="com.example.vertx_starter.TestMainVerticle" time="0.699"/>
  <system-out><![CDATA[18:07:14.693 [vert.x-eventloop-thread-0] DEBUG com.example.vertx_starter.TestMainVerticle - message:success
]]></system-out>
  <system-err><![CDATA[]]></system-err>
</testsuite>
